<?xml version="1.0" encoding="UTF-8"?>
<!-- Generated by org.testng.reporters.JUnitReportReporter -->
<testsuite hostname="pragna" failures="0" tests="1" name="com.learnautomation.testcases.FacebookLoginTest" time="0.528" errors="0" timestamp="2023-06-05T18:30:24 CDT" skipped="0">
  <testcase classname="com.learnautomation.testcases.FacebookLoginTest" name="signUpFacebook" time="0.528"/>
  <system-out/>
</testsuite> <!-- com.learnautomation.testcases.FacebookLoginTest -->
