<?xml version="1.0" encoding="UTF-8"?>
<!-- Generated by org.testng.reporters.JUnitReportReporter -->
<testsuite hostname="pragna" failures="0" tests="2" name="com.learnautomation.testcases.RegistrationTest" time="11.670" errors="0" timestamp="2023-06-13T20:37:00 CDT" skipped="0">
  <testcase classname="com.learnautomation.testcases.RegistrationTest" name="newUserlink" time="1.199"/>
  <system-out/>
  <testcase classname="com.learnautomation.testcases.RegistrationTest" name="signUp" time="10.471"/>
  <system-out/>
</testsuite> <!-- com.learnautomation.testcases.RegistrationTest -->
