<?xml version="1.0" encoding="UTF-8"?>
<!-- Generated by org.testng.reporters.JUnitReportReporter -->
<testsuite hostname="pragna" failures="0" tests="1" name="com.learnautomation.sample.ExtentReport" time="0.820" errors="0" timestamp="2023-06-12T13:01:27 CDT" skipped="0">
  <testcase classname="com.learnautomation.sample.ExtentReport" name="test1" time="0.820"/>
  <system-out/>
</testsuite> <!-- com.learnautomation.sample.ExtentReport -->
