<?xml version="1.0" encoding="UTF-8"?>
<!-- Generated by org.testng.reporters.JUnitReportReporter -->
<testsuite hostname="pragna" failures="0" tests="2" name="com.learnautomation.testcases.LoginTest" time="41.070" errors="0" timestamp="2023-06-17T10:57:24 CDT" skipped="0">
  <testcase classname="com.learnautomation.testcases.LoginTest" name="loginToApp" time="36.610"/>
  <system-out/>
  <testcase classname="com.learnautomation.testcases.LoginTest" name="loginToApp" time="4.460"/>
  <system-out/>
</testsuite> <!-- com.learnautomation.testcases.LoginTest -->
