<?xml version="1.0" encoding="UTF-8"?>
<!-- Generated by org.testng.reporters.JUnitReportReporter -->
<testsuite hostname="pragna" failures="0" tests="2" name="com.learnautomation.testcases.LoginTest" time="47.258" errors="0" timestamp="2023-06-19T22:41:04 CDT" skipped="0">
  <testcase classname="com.learnautomation.testcases.LoginTest" name="loginToApp" time="42.732"/>
  <system-out/>
  <testcase classname="com.learnautomation.testcases.LoginTest" name="loginToApp" time="4.526"/>
  <system-out/>
</testsuite> <!-- com.learnautomation.testcases.LoginTest -->
